<?xml version="1.0" encoding="UTF-8"?>
<!-- Generated by org.testng.reporters.JUnitXMLReporter -->
<testsuite ignored="0" hostname="DESKTOP-171AVQP" failures="0" tests="9" name="Default test" time="95.571" errors="0" timestamp="2022-10-18T16:45:54 ICT">
  <testcase classname="Sign_in.Test_Signin" name="importTestData" time="1.22"/>
  <testcase classname="Sign_in.Test_Signin" name="SignIn" time="12.709"/>
  <testcase classname="Sign_in.Test_Signin" name="SignIn" time="12.109"/>
  <testcase classname="Sign_in.Test_Signin" name="SignIn" time="13.253"/>
  <testcase classname="Sign_in.Test_Signin" name="SignIn" time="10.917"/>
  <testcase classname="Sign_in.Test_Signin" name="SignIn" time="9.96"/>
  <testcase classname="Sign_in.Test_Signin" name="SignIn" time="11.962"/>
  <testcase classname="Sign_in.Test_Signin" name="SignIn" time="2.45"/>
  <testcase classname="Sign_in.Test_Signin" name="export" time="0.685"/>
</testsuite> <!-- Default test -->
